<?xml version="1.0" encoding="UTF-8"?>
<!-- Generated by org.testng.reporters.JUnitXMLReporter -->
<testsuite hostname="PRO-5CG8130VYZ" ignored="0" name="TimesheetTest" tests="1" failures="0" timestamp="28 Aug 2022 14:48:45 GMT" time="27.826" errors="0">
  <testcase name="@BeforeTest start" time="27.359" classname="framework.AllProject.TimesheetTest">
    <failure type="java.lang.NullPointerException" message="null value in entry: url=null">
      <![CDATA[java.lang.NullPointerException: null value in entry: url=null
at com.google.common.collect.CollectPreconditions.checkEntryNotNull(CollectPreconditions.java:32)
at com.google.common.collect.SingletonImmutableBiMap.<init>(SingletonImmutableBiMap.java:42)
at com.google.common.collect.ImmutableBiMap.of(ImmutableBiMap.java:72)
at com.google.common.collect.ImmutableMap.of(ImmutableMap.java:124)
at org.openqa.selenium.remote.RemoteWebDriver.get(RemoteWebDriver.java:277)
at framework.AllProject.TimesheetTest.start(TimesheetTest.java:26)
at java.util.concurrent.FutureTask.run(Unknown Source)
at java.util.concurrent.ThreadPoolExecutor.runWorker(Unknown Source)
at java.util.concurrent.ThreadPoolExecutor$Worker.run(Unknown Source)
at java.lang.Thread.run(Unknown Source)
... Removed 15 stack frames]]>
    </failure>
  </testcase> <!-- @BeforeTest start -->
  <testcase name="@AfterTest teardown" time="0.0" classname="framework.AllProject.TimesheetTest">
    <skipped/>
  </testcase> <!-- @AfterTest teardown -->
  <testcase name="timesheet" time="0.0" classname="framework.AllProject.TimesheetTest">
    <skipped/>
  </testcase> <!-- timesheet -->
</testsuite> <!-- TimesheetTest -->
